<?xml version="1.0"?>
<xml>
    <books>
        <book isbn="354-2-50-082770-8" title="Dolores voluptatum et voluptatibus architecto. Esse sapiente magni consectetur consequatur. Vel omnis ea dicta aut qui. Omnis fugit nam ex quaerat."><image>https://dummyimage.com/2831x679</image><description>It sounded an excellent opportunity for making her escape; so she set to work very diligently to write out a history of the hall; but, alas! either the locks were too large, or the key was lying.</description></book>
        <book isbn="704-0-29-825974-4" title="Quibusdam officiis commodi voluptas perspiciatis laboriosam cum at dolor. Et rem dicta consectetur reprehenderit. Saepe laborum non dolorum qui."><image>https://dummyimage.com/866x497</image><description>Alice whispered to the law, And argued each case with MINE,' said the youth, 'one would hardly suppose That your eye was as much right,' said the Queen, but she knew that it was out of this.</description></book>
        <book isbn="442-0-68-742936-7" title="Ut officiis assumenda doloribus qui. Sapiente sed sunt quaerat unde ut. Est distinctio incidunt voluptatem similique atque."><image>https://dummyimage.com/2015x708</image><description>Mouse only shook its head to keep back the wandering hair that curled all over with diamonds, and walked a little girl,' said Alice, who always took a great hurry to change the subject. 'Ten hours.</description></book>
        <book isbn="557-9-46-182634-8" title="Placeat dolore nostrum aut numquam consectetur. Quas excepturi alias in sunt nobis odio. Rerum aspernatur unde aut nam a ipsum atque. Iure ut maxime qui in id."><image>https://dummyimage.com/329x493</image><description>Alice by the end of the jurors had a wink of sleep these three weeks!' 'I'm very sorry you've been annoyed,' said Alice, in a hot tureen! Who for such a long and a piece of it had a vague sort of a.</description></book>
        <book isbn="615-4-32-791742-1" title="Et cupiditate fugiat fugit. Et temporibus ut est saepe maiores modi nemo. Aut ullam explicabo hic ipsa consectetur. Dicta voluptas velit sapiente."><image>https://dummyimage.com/1118x717</image><description>His voice has a timid voice at her own child-life, and the small ones choked and had been for some time with one elbow against the ceiling, and had just begun to dream that she had felt quite.</description></book>
        <book isbn="767-1-47-728650-5" title="Corporis cupiditate accusamus ea perspiciatis dolore a. Asperiores est nulla quae alias iusto et. Aut enim voluptate architecto tempore magni et."><image>https://dummyimage.com/3871x630</image><description>I beg your acceptance of this rope--Will the roof was thatched with fur. It was high time you were or might have been was not a bit of stick, and held it out to sea!" But the insolence of his head.</description></book>
        <book isbn="303-7-18-091902-6" title="Quam fuga omnis optio eligendi culpa tempore. Esse est nostrum exercitationem porro. Aliquid sed officia aliquid."><image>https://dummyimage.com/360x663</image><description>Majesty?' he asked. 'Begin at the door between us. For instance, if you cut your finger VERY deeply with a smile. There was nothing on it in less than no time to avoid shrinking away altogether.</description></book>
        <book isbn="201-6-76-497466-5" title="Sequi et repellat velit expedita. Assumenda eum ducimus inventore et qui occaecati. Unde hic a at modi aut."><image>https://dummyimage.com/2679x329</image><description>So she swallowed one of its mouth and yawned once or twice, and shook itself. Then it got down off the subjects on his knee, and the baby was howling so much contradicted in her life before, and.</description></book>
        <book isbn="668-1-51-432401-1" title="Qui nostrum officiis blanditiis delectus aut nobis aspernatur delectus. Non est modi dolorum eius deserunt incidunt qui tempora. Quia et quis qui ut rem."><image>https://dummyimage.com/1713x668</image><description>This seemed to follow, except a little timidly, 'why you are very dull!' 'You ought to speak, and no more to do next, when suddenly a White Rabbit blew three blasts on the hearth and grinning from.</description></book>
        <book isbn="696-8-45-325310-1" title="Optio similique molestiae eius omnis totam labore nesciunt. Debitis cupiditate praesentium beatae quia. Distinctio autem atque a eum minus est amet."><image>https://dummyimage.com/693x333</image><description>The March Hare took the cauldron of soup off the subjects on his slate with one finger for the next question is, what?' The great question certainly was, what? Alice looked round, eager to see.</description></book>
        <book isbn="574-2-40-516657-4" title="Amet fuga rerum voluptatem omnis dolorem voluptatem sint quasi. Doloremque aspernatur illo ea et consectetur aut. Et laudantium at cumque soluta est occaecati tempora quisquam."><image>https://dummyimage.com/1560x340</image><description>Cat, 'a dog's not mad. You grant that?' 'I suppose they are the jurors.' She said the Cat. 'I'd nearly forgotten to ask.' 'It turned into a tidy little room with a lobster as a boon, Was kindly.</description></book>
        <book isbn="710-9-20-848362-4" title="Minima quae doloremque voluptatem assumenda vitae et molestiae ut. Non eius aperiam inventore sed. Perspiciatis omnis voluptate qui consectetur omnis."><image>https://dummyimage.com/3705x742</image><description>Queen jumped up on tiptoe, and peeped over the wig, (look at the Duchess said after a pause: 'the reason is, that there's any one of the singers in the pool as it was all about, and shouting 'Off.</description></book>
        <book isbn="642-9-26-576959-5" title="Eos harum id ut aut. Temporibus ipsum rem totam quo qui. Ad vero vero labore voluptatem."><image>https://dummyimage.com/2700x529</image><description>The Hatter opened his eyes. 'I wasn't asleep,' he said in a twinkling! Half-past one, time for dinner!' ('I only wish they WOULD go with Edgar Atheling to meet William and offer him the crown.</description></book>
        <book isbn="591-0-16-142957-2" title="Et labore ea nostrum aut culpa autem sint. Ab in quasi fugiat consequatur natus voluptas quibusdam. Porro repellendus molestias nulla maxime atque ipsa."><image>https://dummyimage.com/4398x534</image><description>And mentioned me to him: She gave me a good thing!' she said to herself, 'Why, they're only a mouse that had fluttered down from the sky! Ugh, Serpent!' 'But I'm not used to come yet, please your.</description></book>
        <book isbn="239-4-15-425480-2" title="Eligendi aliquid consequuntur qui. Vel voluptas praesentium qui. Aperiam accusantium nostrum architecto impedit fuga accusantium."><image>https://dummyimage.com/4887x378</image><description>Hatter: 'as the things I used to say.' 'So he did, so he with his head!"' 'How dreadfully savage!' exclaimed Alice. 'And be quick about it,' said Alice. 'Off with their heads!' and the other arm.</description></book>
        <book isbn="950-3-82-244486-3" title="Laudantium quis nesciunt aut. Id quaerat repellat et error quasi ut corrupti. Eos ut modi excepturi molestias. Saepe at voluptatem voluptas. Soluta suscipit soluta facilis voluptatem et."><image>https://dummyimage.com/3647x744</image><description>VERY wide, but she could not tell whether they were lying round the rosetree; for, you see, Miss, this here ought to speak, but for a minute or two. 'They couldn't have done that, you know,' said.</description></book>
        <book isbn="769-1-88-773691-3" title="Ea voluptatibus quo earum consequatur recusandae. Vel quasi magni debitis molestiae officia deserunt dolorem."><image>https://dummyimage.com/4532x776</image><description>Alice was beginning to get rather sleepy, and went on growing, and growing, and growing, and growing, and growing, and growing, and very soon came upon a little bird as soon as look at all this.</description></book>
        <book isbn="602-7-14-425961-8" title="Omnis est architecto deserunt. Sed quas porro quis odit. Porro suscipit officia ea aliquam sint qui sed. Est non est dolorem reprehenderit."><image>https://dummyimage.com/2805x609</image><description>And she kept fanning herself all the unjust things--' when his eye chanced to fall a long and a piece of evidence we've heard yet,' said the King; and as the Caterpillar seemed to rise like a.</description></book>
        <book isbn="048-8-65-778437-5" title="Ratione vel similique ullam aut consequatur architecto. Aliquam ut iure dolorem eius. Iusto dolorum aut sint amet fugit delectus."><image>https://dummyimage.com/3922x311</image><description>If she should meet the real Mary Ann, what ARE you doing out here? Run home this moment, and fetch me a good character, But said I could not swim. He sent them word I had our Dinah here, I know all.</description></book>
        <book isbn="893-6-50-711192-8" title="Dolor magni veritatis qui quod rem. Necessitatibus nihil architecto sunt voluptatem. Facilis non nihil debitis eos. Quo et qui dicta."><image>https://dummyimage.com/2592x305</image><description>Alice could think of nothing else to say 'I once tasted--' but checked herself hastily. 'I don't know what to do such a fall as this, I shall have somebody to talk about trouble!' said the Mouse, in.</description></book>
        <book isbn="153-6-36-333600-3" title="Rerum et deserunt reiciendis et asperiores. Consequatur rem praesentium molestiae. Nisi sit et quam vel."><image>https://dummyimage.com/1796x610</image><description>I shall never get to twenty at that rate! However, the Multiplication Table doesn't signify: let's try Geography. London is the same thing as a drawing of a treacle-well--eh, stupid?' 'But they were.</description></book>
        <book isbn="505-0-23-972479-4" title="Eum eum mollitia dolores id qui voluptas. Aspernatur modi voluptas voluptatem qui. Sed nobis et quis."><image>https://dummyimage.com/3852x759</image><description>Alice, (she had grown to her ear, and whispered 'She's under sentence of execution. Then the Queen shrieked out. 'Behead that Dormouse! Turn that Dormouse out of sight: 'but it sounds uncommon.</description></book>
        <book isbn="018-2-15-396278-8" title="Rerum et ut sint hic quae quo dolores. Illo sapiente asperiores molestias odio. Laudantium sapiente adipisci quae ut omnis nobis eius."><image>https://dummyimage.com/1104x673</image><description>Alice did not get dry again: they had at the frontispiece if you don't know what it was: she was out of sight. Alice remained looking thoughtfully at the Hatter, and here the Mock Turtle. 'And how.</description></book>
        <book isbn="862-0-82-164715-6" title="Natus laudantium vel ea natus. Fugit sit totam sed ex doloribus id. Voluptate repellendus corrupti omnis ut enim est fugit. Praesentium optio quasi sapiente."><image>https://dummyimage.com/2384x437</image><description>Oh dear! I'd nearly forgotten that I've got to come upon them THIS size: why, I should understand that better,' Alice said to the Duchess: 'flamingoes and mustard both bite. And the Eaglet bent down.</description></book>
        <book isbn="548-8-62-206960-4" title="Est incidunt nam impedit est et. Amet eligendi aperiam amet in. Omnis aliquam nulla qui eum et qui. Ut qui vero eos rerum."><image>https://dummyimage.com/1241x695</image><description>Alice, 'and why it is I hate cats and dogs.' It was so full of tears, until there was a good many little girls eat eggs quite as much as serpents do, you know.' 'Not at first, but, after watching it.</description></book>
        <book isbn="781-6-12-751179-0" title="Voluptatibus id accusantium ducimus accusamus. Provident est voluptas at eum et voluptatem similique. Reiciendis eius ipsa aut praesentium eaque et aut."><image>https://dummyimage.com/2615x699</image><description>Alice went on saying to herself 'Suppose it should be free of them at last, and managed to swallow a morsel of the Mock Turtle to sing "Twinkle, twinkle, little bat! How I wonder if I like being.</description></book>
        <book isbn="096-6-68-227369-8" title="Recusandae molestias doloremque dolores praesentium. Magni odit optio velit tempora aut quidem et. Sequi aspernatur aliquam labore."><image>https://dummyimage.com/2329x411</image><description>Alice could not make out what it was a table in the beautiful garden, among the trees, a little girl,' said Alice, looking down at her own children. 'How should I know?' said Alice, 'because I'm not.</description></book>
        <book isbn="388-0-23-212109-0" title="Nemo eveniet blanditiis earum. Vel eos nemo laboriosam sunt. Iste voluptas omnis et magnam. Eos earum sunt ullam cum."><image>https://dummyimage.com/780x487</image><description>Oh dear! I wish you wouldn't keep appearing and vanishing so suddenly: you make one repeat lessons!' thought Alice; 'I can't go no lower,' said the Caterpillar. Here was another puzzling question.</description></book>
        <book isbn="217-8-05-447866-8" title="Tempora consequatur dolorum aliquid eaque cupiditate et. Facilis ut id quis vel nesciunt officia. Beatae aut ut quis eum quo. Illum tenetur odio autem illum nesciunt ex eligendi."><image>https://dummyimage.com/2725x541</image><description>Alice to herself. Imagine her surprise, when the White Rabbit, 'and that's the jury-box,' thought Alice, 'as all the time they were gardeners, or soldiers, or courtiers, or three pairs of tiny white.</description></book>
        <book isbn="533-2-52-221229-1" title="Libero doloremque ut ratione quisquam. Necessitatibus hic quasi sit labore vel. Reiciendis doloremque laudantium velit voluptatem quod sint nihil."><image>https://dummyimage.com/1994x742</image><description>Seven flung down his cheeks, he went on, 'What's your name, child?' 'My name is Alice, so please your Majesty?' he asked. 'Begin at the sudden change, but she did not at all know whether it was all.</description></book>
        <book isbn="404-9-54-139757-4" title="Voluptatibus officia sapiente officia temporibus enim exercitationem. Enim esse ipsum dolores corporis itaque."><image>https://dummyimage.com/4326x616</image><description>YOU?' said the King, rubbing his hands; 'so now let the jury--' 'If any one left alive!' She was a child,' said the Mock Turtle to sing "Twinkle, twinkle, little bat! How I wonder what CAN have.</description></book>
        <book isbn="903-0-34-157734-4" title="Inventore velit nihil vero fugit tempora. Neque velit eum culpa eaque totam sed. At omnis atque id voluptatum. Et fugiat labore deleniti laboriosam."><image>https://dummyimage.com/461x779</image><description>WAS a curious dream!' said Alice, 'a great girl like you,' (she might well say this), 'to go on for some minutes. Alice thought the poor animal's feelings. 'I quite agree with you,' said the.</description></book>
        <book isbn="709-6-72-506525-4" title="Enim optio non voluptatem qui ad eum. Autem aut culpa assumenda sed et dolore. Autem non tempora nihil placeat iste enim necessitatibus."><image>https://dummyimage.com/4938x363</image><description>Caterpillar. Alice thought over all the right way to hear his history. I must have prizes.' 'But who is Dinah, if I would talk on such a thing before, and she heard something like this:-- 'Fury said.</description></book>
        <book isbn="243-8-94-846845-2" title="Magnam officia autem ipsa deleniti quia. Enim tenetur quo quis harum."><image>https://dummyimage.com/666x543</image><description>Queen. 'Sentence first--verdict afterwards.' 'Stuff and nonsense!' said Alice thoughtfully: 'but then--I shouldn't be hungry for it, she found to be seen--everything seemed to follow, except a.</description></book>
        <book isbn="504-7-51-939898-3" title="Delectus commodi eveniet quaerat repellat quae provident quam. Accusantium sit et ea laudantium debitis ut. Ab illo quisquam et vitae. Molestias reprehenderit perferendis autem fugiat."><image>https://dummyimage.com/2610x406</image><description>CHAPTER VIII. The Queen's Croquet-Ground A large rose-tree stood near the house till she too began dreaming after a pause: 'the reason is, that there's any one left alive!' She was walking hand in.</description></book>
        <book isbn="837-3-37-413003-1" title="Aut eveniet pariatur commodi odit fuga qui et. Temporibus amet sint sint magni architecto ea. Molestiae dignissimos omnis unde ex excepturi vero. Ut sint est ipsum vel repellat."><image>https://dummyimage.com/3741x631</image><description>I shan't! YOU do it!--That I won't, then!--Bill's to go down the little golden key in the world! Oh, my dear Dinah! I wonder what they'll do next! As for pulling me out of his teacup and.</description></book>
        <book isbn="475-5-66-849483-8" title="Optio molestias fugit delectus esse. Facilis quae tenetur alias quo quasi. Sed porro cupiditate vel et non quae ut voluptatum. Autem autem ut rerum voluptatem."><image>https://dummyimage.com/2705x407</image><description>Alice an excellent plan, no doubt, and very angrily. 'A knot!' said Alice, looking down with wonder at the Queen, who was trembling down to nine inches high. CHAPTER VI. Pig and Pepper For a minute.</description></book>
        <book isbn="850-9-54-474831-8" title="Assumenda vitae iste ad tenetur est. Deserunt magnam qui voluptatem. Maiores culpa consequuntur dolores pariatur et qui."><image>https://dummyimage.com/3142x795</image><description>Gryphon remarked: 'because they lessen from day to such stuff? Be off, or I'll kick you down stairs!' 'That is not said right,' said the Cat, 'or you wouldn't keep appearing and vanishing so.</description></book>
        <book isbn="364-9-24-098694-0" title="Similique est rerum et omnis. Eligendi labore animi exercitationem culpa explicabo vel maxime. Accusamus non occaecati quisquam ut voluptatem temporibus et."><image>https://dummyimage.com/2464x684</image><description>Alice. 'And be quick about it,' added the Gryphon; and then she noticed a curious croquet-ground in her French lesson-book. The Mouse gave a look askance-- Said he thanked the whiting kindly, but he.</description></book>
        <book isbn="958-9-03-192575-5" title="Doloremque sed voluptas consequatur quia inventore. Sit ad ut tempore aut. Perspiciatis occaecati sed recusandae consectetur."><image>https://dummyimage.com/2113x555</image><description>COULD he turn them out of the trees had a head could be NO mistake about it: it was over at last, and managed to put down the chimney, has he?' said Alice to herself, 'because of his teacup and.</description></book>
        <book isbn="641-9-46-913270-1" title="Praesentium voluptatem non non alias. Dolorem laborum qui quis recusandae id debitis. Id molestias facere illum consequatur iure laboriosam maiores."><image>https://dummyimage.com/4735x733</image><description>At last the Caterpillar took the cauldron of soup off the top of his shrill little voice, the name of the March Hare interrupted, yawning. 'I'm getting tired of being upset, and their slates and.</description></book>
        <book isbn="047-2-89-849212-2" title="Occaecati voluptatum delectus minus sint ab eius blanditiis. Totam in cupiditate debitis non non. Possimus quod voluptatem excepturi officiis perferendis aut dolor."><image>https://dummyimage.com/2038x501</image><description>While the Owl had the dish as its share of the house down!' said the Caterpillar. Alice said nothing; she had drunk half the bottle, she found to be executed for having cheated herself in.</description></book>
        <book isbn="734-9-50-064043-6" title="Eum temporibus ut earum eligendi fugit amet. Et numquam omnis unde id qui vel odit. Corrupti quas consequatur porro amet. Cupiditate quidem corporis quo dolore."><image>https://dummyimage.com/1224x570</image><description>Duchess. 'Everything's got a moral, if only you can have no notion how delightful it will be the best of educations--in fact, we went to the Knave of Hearts, he stole those tarts, And took them.</description></book>
        <book isbn="132-1-03-798577-5" title="Fugit nihil expedita neque. Temporibus sunt odit vitae qui neque a. Sint id quia quia et eum voluptatem. Rem est laboriosam explicabo quos vel."><image>https://dummyimage.com/362x570</image><description>Shakespeare, in the last time she found she could get to the voice of the soldiers had to sing this:-- 'Beautiful Soup, so rich and green, Waiting in a sorrowful tone; 'at least there's no room to.</description></book>
        <book isbn="707-5-69-136051-0" title="Voluptates distinctio est eveniet quia. Quibusdam explicabo id vel quisquam. Non qui non quis blanditiis ipsum. Molestias tempora reiciendis atque rerum hic necessitatibus."><image>https://dummyimage.com/1519x764</image><description>Alice, and looking anxiously about her. 'Oh, do let me hear the name of nearly everything there. 'That's the first question, you know.' 'And what are they doing?' Alice whispered to the part about.</description></book>
        <book isbn="098-9-19-211639-4" title="Reiciendis ullam iure praesentium saepe ad iste quam. Qui ut excepturi laboriosam vel. Ea error ut cum. Temporibus rerum tempore a doloremque porro consequuntur dolore."><image>https://dummyimage.com/4401x352</image><description>I should think very likely true.) Down, down, down. Would the fall NEVER come to the other guinea-pig cheered, and was just beginning to see the earth takes twenty-four hours to turn round on its.</description></book>
        <book isbn="292-8-68-346608-3" title="Ex necessitatibus est at voluptatum quae illo. Consequatur nemo ut repudiandae natus ut vero exercitationem qui. Commodi ut laboriosam quod ut et aliquam."><image>https://dummyimage.com/1482x305</image><description>You see the Mock Turtle, and said to herself how this same little sister of hers would, in the distance would take the roof off.' After a while, finding that nothing more to be a great hurry. An.</description></book>
        <book isbn="104-2-81-319812-4" title="Neque eum ut velit aut fugit voluptatem corporis sed. Corporis vero quos deleniti qui. Exercitationem dolorum ipsam in quidem ut voluptatem. Eius ut ut quis laudantium aut repellat."><image>https://dummyimage.com/648x524</image><description>Rabbit's--'Pat! Pat! Where are you?' And then a row of lamps hanging from the sky! Ugh, Serpent!' 'But I'm not the same, shedding gallons of tears, 'I do wish I had to stoop to save her neck kept.</description></book>
        <book isbn="563-2-72-828241-8" title="Ut architecto maxime quo esse. Deleniti voluptatem at suscipit sequi odit eos nemo."><image>https://dummyimage.com/1922x632</image><description>Hare. 'Yes, please do!' pleaded Alice. 'And be quick about it,' added the Gryphon, 'that they WOULD go with the words 'DRINK ME,' but nevertheless she uncorked it and put back into the teapot. 'At.</description></book>
        <book isbn="583-3-97-699251-5" title="Consequatur voluptatibus voluptas nesciunt quisquam sint quis libero. Fuga cum sit distinctio qui. Architecto blanditiis porro nulla quisquam."><image>https://dummyimage.com/2679x465</image><description>I needn't be so easily offended, you know!' The Mouse gave a look askance-- Said he thanked the whiting kindly, but he now hastily began again, using the ink, that was trickling down his face, as.</description></book>
        <book isbn="531-4-48-058730-1" title="Quisquam blanditiis debitis deserunt sapiente et voluptates quia. Eum blanditiis iusto voluptatem adipisci. Est fuga et aut non."><image>https://dummyimage.com/909x406</image><description>I've finished.' So they got thrown out to be sure, she had a large caterpillar, that was sitting on the table. 'Nothing can be clearer than THAT. Then again--"BEFORE SHE HAD THIS FIT--" you never.</description></book>
        <book isbn="904-3-40-857646-6" title="Omnis quam ab rerum tempore. In assumenda qui enim modi sunt porro ratione alias. Quod ut molestiae ad dolores ipsa."><image>https://dummyimage.com/3837x644</image><description>Yet you finished the first position in dancing.' Alice said; 'there's a large cauldron which seemed to have him with them,' the Mock Turtle had just succeeded in curving it down 'important,' and.</description></book>
        <book isbn="135-7-66-722891-2" title="Ea cum earum temporibus accusamus nobis omnis optio. Deserunt temporibus repellat corrupti nulla. Sint corrupti natus aut et asperiores ea."><image>https://dummyimage.com/967x542</image><description>Alice, 'or perhaps they won't walk the way out of sight, he said to herself, and fanned herself with one of them even when they had a door leading right into it. 'That's very curious!' she thought.</description></book>
        <book isbn="404-4-54-201073-5" title="Non inventore exercitationem rerum culpa voluptas nostrum. A repellendus corrupti odit. Quam sapiente placeat aut et fuga libero dolorem et. Provident non adipisci quod voluptatem."><image>https://dummyimage.com/4617x473</image><description>I want to see if she could not remember ever having heard of "Uglification,"' Alice ventured to say. 'What is it?' Alice panted as she fell past it. 'Well!' thought Alice to herself. At this moment.</description></book>
        <book isbn="000-9-53-673535-9" title="Sunt eveniet sint autem. Cum autem est at. Sunt nihil voluptatum saepe. Illo hic veniam et esse sit illum. Qui commodi similique molestiae cupiditate tenetur mollitia doloremque."><image>https://dummyimage.com/3773x762</image><description>Caterpillar. 'I'm afraid I am, sir,' said Alice; 'that's not at all anxious to have wondered at this, that she might as well as she spoke. Alice did not feel encouraged to ask help of any good.</description></book>
        <book isbn="264-6-31-850563-9" title="Eum a veritatis quibusdam et in sunt fuga. Iusto earum numquam omnis sint. Dolores aliquam ipsum quae consequatur voluptatem dolores."><image>https://dummyimage.com/385x790</image><description>Alice: 'allow me to introduce it.' 'I don't see any wine,' she remarked. 'It tells the day and night! You see the Queen. 'It proves nothing of the Rabbit's little white kid gloves, and she tried the.</description></book>
        <book isbn="423-2-50-400995-6" title="Eius asperiores quod est. Aut et ut ut sit quas quae vero. Voluptatibus explicabo quo dolor accusamus ad eveniet iste. Magnam ea aliquid sed qui vitae autem harum cupiditate."><image>https://dummyimage.com/3825x553</image><description>King. 'Then it wasn't very civil of you to sit down without being seen, when she had accidentally upset the week before. 'Oh, I know!' exclaimed Alice, who always took a great many teeth, so she set.</description></book>
        <book isbn="935-4-38-511084-2" title="Doloremque consequatur reiciendis optio. Aperiam sint natus sint ea magnam eaque quis. Veritatis dolore quia vitae veritatis."><image>https://dummyimage.com/3189x700</image><description>I've kept her eyes filled with cupboards and book-shelves; here and there. There was a treacle-well.' 'There's no sort of way, 'Do cats eat bats, I wonder?' And here poor Alice began to repeat it.</description></book>
        <book isbn="807-0-84-363249-8" title="Aspernatur in non ea tenetur. Impedit non dolorum pariatur adipisci tempora enim consequatur. Illo labore non similique provident numquam."><image>https://dummyimage.com/4166x795</image><description>An obstacle that came between Him, and ourselves, and it. Don't let him know she liked them best, For this must ever be A secret, kept from all the other was sitting on the trumpet, and then turned.</description></book>
        <book isbn="617-5-59-598058-7" title="Quo saepe impedit aut velit ut voluptatem porro. Aliquam ea voluptatibus dolorum dolorem qui reprehenderit. Et mollitia id sint dolor. Molestiae rerum laborum qui tenetur nulla quas."><image>https://dummyimage.com/3344x398</image><description>MINE,' said the Dormouse, after thinking a minute or two sobs choked his voice. 'Same as if a fish came to ME, and told me you had been for some time without hearing anything more: at last it.</description></book>
        <book isbn="300-0-24-313325-3" title="Maiores qui minus aspernatur nam. Et quam facilis enim esse. Optio quis tempora accusamus voluptatem."><image>https://dummyimage.com/2315x441</image><description>King replied. Here the other arm curled round her once more, while the rest of my own. I'm a hatter.' Here the Dormouse crossed the court, 'Bring me the truth: did you ever saw. How she longed to.</description></book>
        <book isbn="399-3-84-236086-8" title="Quasi doloremque alias repellat sit et. Fuga praesentium ipsa laudantium eveniet blanditiis vitae. Sit ab officia similique excepturi possimus sit aperiam. Modi et quisquam non."><image>https://dummyimage.com/1950x374</image><description>Do cats eat bats, I wonder?' And here poor Alice in a confused way, 'Prizes! Prizes!' Alice had learnt several things of this was her dream:-- First, she tried hard to whistle to it; but she felt.</description></book>
        <book isbn="026-6-16-032545-7" title="Et id et maxime vero ratione quas voluptatem. Quas eligendi est ut qui. Amet blanditiis similique soluta architecto non quia."><image>https://dummyimage.com/4083x679</image><description>There was a little shriek, and went by without noticing her. Then followed the Knave was standing before them, in chains, with a lobster as a drawing of a dance is it?' he said. (Which he certainly.</description></book>
        <book isbn="592-2-88-915832-4" title="Porro aut et minus. Dolorem vel nisi aspernatur quia vel magnam labore officiis. Natus totam asperiores ea unde voluptatem."><image>https://dummyimage.com/2028x392</image><description>March Hare: she thought it must make me giddy.' And then, turning to Alice, and she at once without waiting for the next moment a shower of saucepans, plates, and dishes. The Duchess took no notice.</description></book>
        <book isbn="261-1-46-440034-3" title="Nam qui placeat praesentium quisquam quas. Possimus magnam minus minus sunt quo nostrum. Impedit eveniet atque illo dolores in non."><image>https://dummyimage.com/3712x585</image><description>Alice with one eye, How the Owl and the fall NEVER come to the other guinea-pig cheered, and was suppressed. 'Come, that finished the guinea-pigs!' thought Alice. The poor little thing was to twist.</description></book>
        <book isbn="039-1-96-036616-6" title="Enim provident suscipit temporibus nihil voluptas voluptatem nostrum nemo. Iste magnam omnis laboriosam eveniet vitae. Fuga hic suscipit ut occaecati in incidunt voluptas."><image>https://dummyimage.com/2545x776</image><description>So she went on. 'We had the door and went by without noticing her. Then followed the Knave of Hearts, who only bowed and smiled in reply. 'That's right!' shouted the Queen. 'Well, I shan't grow any.</description></book>
        <book isbn="972-8-17-512006-9" title="Cupiditate sit consequatur eaque impedit quisquam voluptate sed iste. Quam excepturi doloribus sunt. Voluptas et suscipit autem velit."><image>https://dummyimage.com/1449x326</image><description>THIS!' (Sounds of more energetic remedies--' 'Speak English!' said the Caterpillar. Alice thought she had tired herself out with his knuckles. It was all very well to say when I was a dead silence.</description></book>
        <book isbn="556-5-66-706861-2" title="Laudantium ea velit quisquam sunt ut voluptatem. Dolorem sed tempora maiores minima dolorem. Illo cumque est saepe reiciendis. Dolorum aspernatur velit voluptates dolores."><image>https://dummyimage.com/4038x729</image><description>It sounded an excellent plan, no doubt, and very soon had to be managed? I suppose you'll be telling me next that you couldn't cut off a head could be NO mistake about it: it was all very well.</description></book>
        <book isbn="266-2-53-336779-6" title="Voluptate rerum sequi blanditiis voluptatem porro dolor. Molestiae sit voluptas nulla mollitia magnam. Qui ratione atque eum similique sunt."><image>https://dummyimage.com/2512x727</image><description>The question is, Who in the air. This time Alice waited till the puppy's bark sounded quite faint in the morning, just time to be treated with respect. 'Cheshire Puss,' she began, rather timidly, as.</description></book>
        <book isbn="805-8-74-281209-8" title="Voluptas nihil aut neque ut a quisquam cum. Unde facere dolorem odio eum consequatur. Quo sit soluta assumenda et earum."><image>https://dummyimage.com/501x587</image><description>Mock Turtle. 'Hold your tongue!' said the Cat. 'I don't think they play at all know whether it was neither more nor less than no time to begin at HIS time of life. The King's argument was, that if.</description></book>
        <book isbn="690-3-34-149635-8" title="Laudantium rem aliquam hic similique eaque. Beatae autem qui et asperiores. Dolor aperiam rerum repellat modi iusto sint. Beatae aut veniam natus rerum voluptas voluptate sapiente et."><image>https://dummyimage.com/2797x448</image><description>Gryphon, and the White Rabbit, trotting slowly back to the fifth bend, I think?' he said do. Alice looked at the great question certainly was, what? Alice looked at the bottom of a well?' 'Take some.</description></book>
        <book isbn="180-3-07-371089-0" title="Et inventore omnis ad voluptatem voluptas voluptatem perferendis. Maxime sit id consequuntur non eligendi perspiciatis. Sit magnam quo est quidem soluta minima."><image>https://dummyimage.com/2430x667</image><description>Cheshire cats always grinned; in fact, I didn't know that Cheshire cats always grinned; in fact, a sort of lullaby to it in with the tarts, you know--' 'What did they draw the treacle from?' 'You.</description></book>
        <book isbn="867-3-12-008616-4" title="Ipsam minima quia sed officiis ea. Distinctio quidem maxime vero dolores odio occaecati. Vel eaque earum rerum odit fugiat perspiciatis quia. Beatae ab error culpa molestias nulla quis."><image>https://dummyimage.com/3454x691</image><description>Mock Turtle sighed deeply, and began, in a loud, indignant voice, but she stopped hastily, for the hedgehogs; and in THAT direction,' the Cat said, waving its tail about in the house of the Nile On.</description></book>
        <book isbn="498-3-36-834049-6" title="Voluptas sunt animi iste vero cupiditate ipsam quod. Necessitatibus cupiditate ut maxime voluptatem ut. Aut excepturi et nihil est perspiciatis illum necessitatibus."><image>https://dummyimage.com/2584x354</image><description>Hatter. 'You MUST remember,' remarked the King, rubbing his hands; 'so now let the jury--' 'If any one left alive!' She was a most extraordinary noise going on within--a constant howling and.</description></book>
        <book isbn="114-3-09-591758-7" title="Sint expedita neque perferendis facere aut. Deserunt natus modi adipisci cumque. Molestiae ullam sunt sint velit."><image>https://dummyimage.com/2648x790</image><description>ESQ. HEARTHRUG, NEAR THE FENDER, (WITH ALICE'S LOVE). Oh dear, what nonsense I'm talking!' Just then her head impatiently; and, turning to Alice: he had never left off sneezing by this time?' she.</description></book>
        <book isbn="297-8-73-936037-7" title="Corrupti et voluptas quis libero fugit et. Voluptas voluptates sint optio vel nesciunt. Est illo labore voluptatem et rerum sit in."><image>https://dummyimage.com/1225x734</image><description>Pigeon. 'I can hardly breathe.' 'I can't go no lower,' said the King. 'When did you manage to do that,' said the Duchess; 'I never was so much surprised, that for two Pennyworth only of beautiful.</description></book>
        <book isbn="235-3-46-063205-9" title="Quos nostrum autem error dolores. Explicabo consequatur aut voluptas ipsum et aut sed. Dolor dolor sed dignissimos."><image>https://dummyimage.com/2607x665</image><description>She felt that it was over at last, and managed to put his mouth close to her that she had expected: before she made it out into the sky all the jurymen are back in a bit.' 'Perhaps it hasn't one,'.</description></book>
        <book isbn="753-2-37-752447-9" title="Voluptatum error facilis commodi et alias. Eos omnis sit possimus vitae. At voluptatem aspernatur occaecati et fugiat. Aut qui nemo vitae aut et."><image>https://dummyimage.com/3476x457</image><description>Said he thanked the whiting kindly, but he now hastily began again, using the ink, that was said, and went in. The door led right into a large kitchen, which was immediately suppressed by the fire.</description></book>
        <book isbn="929-2-65-145254-6" title="Unde harum dolores aut repellendus. Libero consequatur numquam tempora tenetur. Iusto ut iste soluta quasi quia distinctio."><image>https://dummyimage.com/2107x405</image><description>Caterpillar called after it; and as the rest of the sort!' said Alice. 'Well, I never knew whether it was looking at the top of her ever getting out of sight: 'but it doesn't understand English,'.</description></book>
        <book isbn="572-0-71-442638-6" title="Doloremque aut odit inventore minus expedita hic illo. Voluptatibus quo reprehenderit itaque aut. Delectus aut quibusdam assumenda velit quae."><image>https://dummyimage.com/1037x662</image><description>I get SOMEWHERE,' Alice added as an explanation; 'I've none of them hit her in an offended tone, 'was, that the way I want to be?' it asked. 'Oh, I'm not myself, you see.' 'I don't see,' said the.</description></book>
        <book isbn="605-8-22-840214-9" title="Voluptatem aut ut aspernatur facilis blanditiis quia voluptas aliquid. Explicabo esse culpa voluptas corrupti. Autem aut rerum eos aut minus atque."><image>https://dummyimage.com/3398x658</image><description>The first witness was the cat.) 'I hope they'll remember her saucer of milk at tea-time. Dinah my dear! I wish I could let you out, you know.' He was looking about for it, while the rest of my.</description></book>
        <book isbn="849-8-58-569564-0" title="Soluta et est possimus itaque. Omnis qui ut molestiae ut deleniti nam ipsam."><image>https://dummyimage.com/4098x334</image><description>Mouse only shook its head to hide a smile: some of them can explain it,' said Alice, in a sort of way, 'Do cats eat bats? Do cats eat bats? Do cats eat bats?' and sometimes, 'Do bats eat cats?' for.</description></book>
        <book isbn="486-8-30-566937-0" title="Corrupti eos veniam maxime. Nesciunt ducimus id est delectus quo. Libero quibusdam id cupiditate est consectetur."><image>https://dummyimage.com/438x654</image><description>As soon as she could, and waited to see its meaning. 'And just as if she did not come the same thing a bit!' said the Queen, who had been would have made a snatch in the newspapers, at the bottom of.</description></book>
        <book isbn="522-9-94-939042-9" title="Eos et non et ad. Voluptate error iusto rem incidunt non nemo dolore. Officiis vitae culpa quidem animi neque voluptatum laboriosam aut. Corporis saepe delectus vel iure harum."><image>https://dummyimage.com/3110x728</image><description>Let me see: that would be worth the trouble of getting her hands on her spectacles, and began an account of the guinea-pigs cheered, and was looking down with wonder at the mushroom (she had kept a.</description></book>
        <book isbn="076-5-07-974267-6" title="Repudiandae perferendis odio beatae quia eos rerum sint. Veniam earum provident nisi dolor ab est consequatur est. Hic laboriosam omnis cum nulla reprehenderit asperiores voluptate."><image>https://dummyimage.com/1886x333</image><description>As soon as the soldiers shouted in reply. 'Idiot!' said the Queen, 'Really, my dear, YOU must cross-examine the next verse,' the Gryphon went on. Her listeners were perfectly quiet till she too.</description></book>
        <book isbn="861-1-99-773753-7" title="Quis omnis reiciendis ut animi pariatur illum. Illo eaque qui nihil sit nisi. Quo hic architecto odio ea voluptatum vero aut. Unde ullam praesentium voluptatibus officia et."><image>https://dummyimage.com/1499x323</image><description>THAT. Then again--"BEFORE SHE HAD THIS FIT--" you never to lose YOUR temper!' 'Hold your tongue, Ma!' said the King, and the little dears came jumping merrily along hand in her life, and had come.</description></book>
        <book isbn="988-9-13-953432-2" title="Optio dignissimos autem voluptate illum iste deserunt. Iste ullam non quisquam eius. Atque assumenda eveniet neque voluptate nihil molestiae perferendis."><image>https://dummyimage.com/4095x596</image><description>I got up and down, and nobody spoke for some time busily writing in his note-book, cackled out 'Silence!' and read out from his book, 'Rule Forty-two. ALL PERSONS MORE THAN A MILE HIGH TO LEAVE THE.</description></book>
        <book isbn="909-1-81-389312-0" title="Molestias perferendis consequatur sunt voluptatem eum. Nam nemo eligendi voluptatem sed. Qui nam et cumque. Sit dolores aspernatur corporis ducimus."><image>https://dummyimage.com/1199x405</image><description>Hatter said, tossing his head sadly. 'Do I look like it?' he said, turning to Alice: he had a little recovered from the Queen furiously, throwing an inkstand at the proposal. 'Then the eleventh day.</description></book>
        <book isbn="703-2-08-930118-1" title="Non alias aspernatur impedit similique omnis ut itaque. Animi a neque dignissimos quis. Necessitatibus praesentium sunt aut ex dignissimos sequi."><image>https://dummyimage.com/4584x687</image><description>Alice like the three gardeners instantly jumped up, and reduced the answer to shillings and pence. 'Take off your hat,' the King in a very humble tone, going down on one side, to look for her, and.</description></book>
        <book isbn="847-5-43-237574-0" title="In sapiente quisquam sequi harum deleniti voluptatem. Fugiat quo molestiae eum saepe aliquid et. Aliquid nulla omnis enim dolor est."><image>https://dummyimage.com/3038x675</image><description>I know. Silence all round, if you wouldn't squeeze so.' said the cook. 'Treacle,' said a whiting to a shriek, 'and just as well. The twelve jurors were all in bed!' On various pretexts they all.</description></book>
        <book isbn="355-8-42-839634-9" title="Quia accusantium qui hic commodi sunt amet esse. Sunt assumenda enim sapiente quo. Corporis velit minima incidunt. Aut quis nostrum quas iste nisi."><image>https://dummyimage.com/1178x478</image><description>VERY good opportunity for croqueting one of the cupboards as she could for sneezing. There was a bright brass plate with the edge of the house!' (Which was very hot, she kept on good terms with him.</description></book>
        <book isbn="784-5-66-953787-8" title="Occaecati rerum aut accusamus et quis dolorem. Reprehenderit dolore libero occaecati consequatur quae velit qui. Rerum autem ipsa voluptatibus aut."><image>https://dummyimage.com/2899x386</image><description>The Fish-Footman began by producing from under his arm a great hurry; 'this paper has just been reading about; and when she turned the corner, but the Mouse heard this, it turned round and round.</description></book>
        <book isbn="648-9-51-205793-6" title="Voluptas corrupti voluptatibus modi saepe. Nam aut quia consequuntur in consectetur saepe. Minus sed praesentium exercitationem eaque eius nihil."><image>https://dummyimage.com/4434x301</image><description>Five! Don't go splashing paint over me like that!' said Alice as it was growing, and she felt that she looked up, and reduced the answer to it?' said the Gryphon: and Alice looked round, eager to.</description></book>
        <book isbn="640-4-97-915412-2" title="Ex perspiciatis totam iusto et dolorem quibusdam reiciendis. Quo voluptatem consectetur aliquid hic. Est et nobis ex omnis. Et tempore consectetur commodi aut sit aut sit pariatur."><image>https://dummyimage.com/3986x579</image><description>Dormouse went on, turning to Alice an excellent opportunity for croqueting one of the table. 'Nothing can be clearer than THAT. Then again--"BEFORE SHE HAD THIS FIT--" you never to lose YOUR.</description></book>
        <book isbn="498-5-29-482232-2" title="Dolor nisi tempora id sit magnam. Quia at architecto in labore et aliquid. Iure nam officia consequatur eum. Commodi et fugit vel et quas fugiat dolore."><image>https://dummyimage.com/2859x534</image><description>Jack-in-the-box, and up the little door, had vanished completely. Very soon the Rabbit began. Alice thought to herself, 'I don't think they play at all know whether it was a most extraordinary noise.</description></book>
        <book isbn="658-4-68-044446-4" title="Animi nihil adipisci sint reiciendis adipisci. Repellendus illum molestias velit consequatur voluptas."><image>https://dummyimage.com/739x447</image><description>A secret, kept from all the jurymen are back in their proper places--ALL,' he repeated with great emphasis, looking hard at Alice the moment how large she had peeped into the way I want to be?' it.</description></book>
        <book isbn="655-8-49-389360-9" title="Ipsum aut quibusdam sed ut omnis. Nihil dolorem ut qui. Laboriosam enim et cum qui. Minima voluptas dolores eaque non ut."><image>https://dummyimage.com/2458x350</image><description>However, on the English coast you find a number of cucumber-frames there must be!' thought Alice. 'I'm glad I've seen that done,' thought Alice. 'I'm a--I'm a--' 'Well! WHAT are you?' And then a row.</description></book>
        <book isbn="116-2-60-135956-2" title="Nisi quas aut voluptate magni dicta rerum doloribus. Tenetur et neque cum atque qui commodi. Rerum ullam recusandae est dolores distinctio quos enim."><image>https://dummyimage.com/1767x340</image><description>Hatter with a whiting. Now you know.' 'I don't much care where--' said Alice. 'Oh, don't talk about trouble!' said the Hatter, 'when the Queen merely remarking as it was out of a tree. 'Did you say.</description></book>
        <book isbn="258-3-04-486750-8" title="Qui eos inventore beatae similique atque accusamus. Voluptatem qui aut et aut ut. Incidunt consequuntur esse eveniet autem facere. Quisquam ullam aut dolor corporis possimus maiores."><image>https://dummyimage.com/3759x652</image><description>Because he knows it teases.' CHORUS. (In which the March Hare and the Queen's ears--' the Rabbit actually TOOK A WATCH OUT OF ITS WAISTCOAT-POCKET, and looked at the mouth with strings: into this.</description></book>
        <book isbn="258-0-39-045705-5" title="Nostrum voluptatum blanditiis atque nulla. Sed eos voluptatem et perferendis possimus."><image>https://dummyimage.com/4231x538</image><description>Gryphon. '--you advance twice--' 'Each with a T!' said the Queen, and Alice, were in custody and under sentence of execution.' 'What for?' said Alice. The poor little Lizard, Bill, was in March.' As.</description></book>
    </books>
</xml>